
Context changed to ~/Documentos/Goldbach/
Parsing Goldbach
Goldbach parsed in 0.12 seconds
Typechecking Goldbach
Parsing gcd_rem
gcd_rem parsed in 0.04 seconds
gcd_rem is already parsed
Typechecking gcd_rem
Restored theory from /home/thiago/pvs-7.1.0/nasalib/ints/pvsbin/floor_more.bin in 0.22s (load part took 0.02s)
Restored theory from /home/thiago/pvs-7.1.0/nasalib/ints/pvsbin/div_nat.bin in 0.36s (load part took 0.03s)
Restored theory from /home/thiago/pvs-7.1.0/nasalib/ints/pvsbin/mod_nat.bin in 0.26s (load part took 0.01s)
gcd_rem typechecked in 3.09s: 36 TCCs, 0 proved, 6 subsumed, 30 unproved; 8 msgs
Restored theory from /home/thiago/pvs-7.1.0/nasalib/ints/pvsbin/factorial.bin in 0.18s (load part took 0.01s)
Restored theory from /home/thiago/pvs-7.1.0/nasalib/ints/pvsbin/max_bounded_posnat.bin in 0.14s (load part took 0.05s)
Restored theory from /home/thiago/pvs-7.1.0/nasalib/ints/pvsbin/min_lem.bin in 0.09s (load part took 0.00s)
Restored theory from /home/thiago/pvs-7.1.0/nasalib/ints/pvsbin/divides_lems.bin in 0.12s (load part took 0.01s)
Restored theory from /home/thiago/pvs-7.1.0/nasalib/ints/pvsbin/primes.bin in 0.14s (load part took 0.00s)
Goldbach typechecked in 5.88s: 73 TCCs, 0 proved, 19 subsumed, 54 unproved; 6 msgs
; While compiling #'_list_sum at top level:
Warning: Variable condition is never used.
Warning: Variable condition is never used.
Warning: Variable condition is never used.
Warning: Variable condition is never used.
; While compiling #'(:internal _list_sum 4) at top level:
Warning: Variable condition is never used.
Warning: Variable condition is never used.
; While compiling #'list_sum! at top level:
Warning: Variable condition is never used.
Warning: Variable condition is never used.
Warning: Variable condition is never used.
Warning: Variable condition is never used.
; While compiling #'(:internal list_sum! 4) at top level:
Warning: Variable condition is never used.
Warning: Variable condition is never used.
; While compiling #'(:internal list_sum 0) at top level:
Warning: Variable condition is never used.
Warning: Variable condition is never used.
Warning: Variable condition is never used.
Warning: Variable condition is never used.
; While compiling #'(:internal (:internal list_sum 0) 4) at top level:
Warning: Variable condition is never used.
Warning: Variable condition is never used.
